<?xml version="1.0" encoding="UTF-8"?>
<!-- Generated by org.testng.reporters.JUnitReportReporter -->
<testsuite hostname="DESKTOP-IMBK8J5" failures="0" tests="1" name="framework_AnyDo.AnyDo.HomePage" time="13.118" errors="0" timestamp="17 Sep 2021 14:48:39 GMT">
  <testcase classname="framework_AnyDo.AnyDo.HomePage" name="login" time="13.118"/>
</testsuite> <!-- framework_AnyDo.AnyDo.HomePage -->
