<?xml version="1.0" encoding="UTF-8"?>
<!-- Generated by org.testng.reporters.JUnitReportReporter -->
<testsuite hostname="DESKTOP-IMBK8J5" failures="0" tests="2" name="framework_AnyDo.AnyDo.Login_Page" time="9.411" errors="0" timestamp="19 Sep 2021 08:32:24 GMT">
  <testcase classname="framework_AnyDo.AnyDo.Login_Page" name="login" time="6.150"/>
  <testcase classname="framework_AnyDo.AnyDo.Login_Page" name="CreateTask" time="3.261"/>
</testsuite> <!-- framework_AnyDo.AnyDo.Login_Page -->
