<?xml version="1.0" encoding="UTF-8"?>
<!-- Generated by org.testng.reporters.JUnitReportReporter -->
<testsuite hostname="DESKTOP-IMBK8J5" failures="0" tests="1" name="framework_AnyDo.AnyDo.Login_Page" time="36.035" errors="0" timestamp="18 Sep 2021 15:42:48 GMT">
  <testcase classname="framework_AnyDo.AnyDo.Login_Page" name="login" time="36.035"/>
</testsuite> <!-- framework_AnyDo.AnyDo.Login_Page -->
